<?xml version="1.0" encoding="UTF-8"?>
<testng-results ignored="0" total="6" passed="6" failed="0" skipped="0">
  <reporter-output>
  </reporter-output>
  <suite started-at="2025-05-01T16:25:01 IST" name="Suite" finished-at="2025-05-01T16:27:56 IST" duration-ms="175846">
    <groups>
    </groups>
    <test started-at="2025-05-01T16:25:01 IST" name="Test" finished-at="2025-05-01T16:27:56 IST" duration-ms="175846">
      <class name="Test_Runner.Linkedin_Test_Run">
        <test-method is-config="true" signature="setup()[pri:0, instance:Test_Runner.Linkedin_Test_Run@1cb3ec38]" started-at="2025-05-01T16:24:53 IST" name="setup" finished-at="2025-05-01T16:25:01 IST" duration-ms="7755" status="PASS">
          <reporter-output>
          </reporter-output>
        </test-method> <!-- setup -->
        <test-method signature="LoginPage()[pri:1, instance:Test_Runner.Linkedin_Test_Run@1cb3ec38]" started-at="2025-05-01T16:25:01 IST" name="LoginPage" finished-at="2025-05-01T16:25:23 IST" duration-ms="22660" status="PASS">
          <reporter-output>
          </reporter-output>
        </test-method> <!-- LoginPage -->
        <test-method signature="SearchJob()[pri:2, instance:Test_Runner.Linkedin_Test_Run@1cb3ec38]" started-at="2025-05-01T16:25:23 IST" name="SearchJob" finished-at="2025-05-01T16:25:48 IST" depends-on-methods="Test_Runner.Linkedin_Test_Run.LoginPage" duration-ms="24789" status="PASS">
          <reporter-output>
          </reporter-output>
        </test-method> <!-- SearchJob -->
        <test-method signature="SaveJob()[pri:3, instance:Test_Runner.Linkedin_Test_Run@1cb3ec38]" started-at="2025-05-01T16:25:48 IST" name="SaveJob" finished-at="2025-05-01T16:26:04 IST" depends-on-methods="Test_Runner.Linkedin_Test_Run.SearchJob" duration-ms="15540" status="PASS">
          <reporter-output>
          </reporter-output>
        </test-method> <!-- SaveJob -->
        <test-method signature="SearchUser()[pri:4, instance:Test_Runner.Linkedin_Test_Run@1cb3ec38]" started-at="2025-05-01T16:26:04 IST" name="SearchUser" finished-at="2025-05-01T16:26:34 IST" depends-on-methods="Test_Runner.Linkedin_Test_Run.SaveJob" duration-ms="30221" status="PASS">
          <reporter-output>
          </reporter-output>
        </test-method> <!-- SearchUser -->
        <test-method signature="SendConnectionRequestAndLikePost()[pri:5, instance:Test_Runner.Linkedin_Test_Run@1cb3ec38]" started-at="2025-05-01T16:26:34 IST" name="SendConnectionRequestAndLikePost" finished-at="2025-05-01T16:27:16 IST" depends-on-methods="Test_Runner.Linkedin_Test_Run.SearchUser" duration-ms="42224" status="PASS">
          <reporter-output>
          </reporter-output>
        </test-method> <!-- SendConnectionRequestAndLikePost -->
        <test-method signature="LogOut()[pri:6, instance:Test_Runner.Linkedin_Test_Run@1cb3ec38]" started-at="2025-05-01T16:27:16 IST" name="LogOut" finished-at="2025-05-01T16:27:56 IST" depends-on-methods="Test_Runner.Linkedin_Test_Run.SendConnectionRequestAndLikePost" duration-ms="40155" status="PASS">
          <reporter-output>
          </reporter-output>
        </test-method> <!-- LogOut -->
        <test-method is-config="true" signature="teardown()[pri:0, instance:Test_Runner.Linkedin_Test_Run@1cb3ec38]" started-at="2025-05-01T16:27:57 IST" name="teardown" finished-at="2025-05-01T16:27:58 IST" duration-ms="1203" status="PASS">
          <reporter-output>
          </reporter-output>
        </test-method> <!-- teardown -->
      </class> <!-- Test_Runner.Linkedin_Test_Run -->
    </test> <!-- Test -->
  </suite> <!-- Suite -->
</testng-results>
