<?xml version="1.0" encoding="UTF-8"?>
<testng-results ignored="0" total="6" passed="6" failed="0" skipped="0">
  <reporter-output>
  </reporter-output>
  <suite started-at="2025-05-01T14:44:24 IST" name="Default suite" finished-at="2025-05-01T14:47:50 IST" duration-ms="205996">
    <groups>
    </groups>
    <test started-at="2025-05-01T14:44:24 IST" name="Default test" finished-at="2025-05-01T14:47:50 IST" duration-ms="205996">
      <class name="Test_Runner.Linkedin_Test_Run">
        <test-method is-config="true" signature="setup()[pri:0, instance:Test_Runner.Linkedin_Test_Run@264f218]" started-at="2025-05-01T14:44:16 IST" name="setup" finished-at="2025-05-01T14:44:24 IST" duration-ms="7452" status="PASS">
          <reporter-output>
          </reporter-output>
        </test-method> <!-- setup -->
        <test-method signature="LoginPage()[pri:1, instance:Test_Runner.Linkedin_Test_Run@264f218]" started-at="2025-05-01T14:44:24 IST" name="LoginPage" finished-at="2025-05-01T14:44:50 IST" duration-ms="25821" status="PASS">
          <reporter-output>
          </reporter-output>
        </test-method> <!-- LoginPage -->
        <test-method signature="SearchJob()[pri:2, instance:Test_Runner.Linkedin_Test_Run@264f218]" started-at="2025-05-01T14:44:50 IST" name="SearchJob" finished-at="2025-05-01T14:45:13 IST" depends-on-methods="Test_Runner.Linkedin_Test_Run.LoginPage" duration-ms="22957" status="PASS">
          <reporter-output>
          </reporter-output>
        </test-method> <!-- SearchJob -->
        <test-method signature="SaveJob()[pri:3, instance:Test_Runner.Linkedin_Test_Run@264f218]" started-at="2025-05-01T14:45:13 IST" name="SaveJob" finished-at="2025-05-01T14:45:32 IST" depends-on-methods="Test_Runner.Linkedin_Test_Run.SearchJob" duration-ms="19802" status="PASS">
          <reporter-output>
          </reporter-output>
        </test-method> <!-- SaveJob -->
        <test-method signature="SearchUser()[pri:4, instance:Test_Runner.Linkedin_Test_Run@264f218]" started-at="2025-05-01T14:45:32 IST" name="SearchUser" finished-at="2025-05-01T14:46:04 IST" depends-on-methods="Test_Runner.Linkedin_Test_Run.SaveJob" duration-ms="31375" status="PASS">
          <reporter-output>
          </reporter-output>
        </test-method> <!-- SearchUser -->
        <test-method signature="SendConnectionRequestAndLikePost()[pri:5, instance:Test_Runner.Linkedin_Test_Run@264f218]" started-at="2025-05-01T14:46:04 IST" name="SendConnectionRequestAndLikePost" finished-at="2025-05-01T14:47:07 IST" depends-on-methods="Test_Runner.Linkedin_Test_Run.SearchUser" duration-ms="63731" status="PASS">
          <reporter-output>
          </reporter-output>
        </test-method> <!-- SendConnectionRequestAndLikePost -->
        <test-method signature="LogOut()[pri:6, instance:Test_Runner.Linkedin_Test_Run@264f218]" started-at="2025-05-01T14:47:07 IST" name="LogOut" finished-at="2025-05-01T14:47:50 IST" depends-on-methods="Test_Runner.Linkedin_Test_Run.SendConnectionRequestAndLikePost" duration-ms="42194" status="PASS">
          <reporter-output>
          </reporter-output>
        </test-method> <!-- LogOut -->
        <test-method is-config="true" signature="teardown()[pri:0, instance:Test_Runner.Linkedin_Test_Run@264f218]" started-at="2025-05-01T14:47:50 IST" name="teardown" finished-at="2025-05-01T14:47:50 IST" duration-ms="667" status="PASS">
          <reporter-output>
          </reporter-output>
        </test-method> <!-- teardown -->
      </class> <!-- Test_Runner.Linkedin_Test_Run -->
    </test> <!-- Default test -->
  </suite> <!-- Default suite -->
</testng-results>
