<?xml version="1.0" encoding="UTF-8"?>
<!-- Generated by org.testng.reporters.JUnitXMLReporter -->
<testsuite ignored="0" hostname="LAPTOP-CDU0EB2F" failures="0" tests="6" name="Test" time="175.846" errors="0" timestamp="2025-05-01T16:27:57 IST">
  <testcase classname="Test_Runner.Linkedin_Test_Run" name="LoginPage" time="22.66"/>
  <testcase classname="Test_Runner.Linkedin_Test_Run" name="SearchJob" time="24.789"/>
  <testcase classname="Test_Runner.Linkedin_Test_Run" name="SaveJob" time="15.54"/>
  <testcase classname="Test_Runner.Linkedin_Test_Run" name="SearchUser" time="30.221"/>
  <testcase classname="Test_Runner.Linkedin_Test_Run" name="SendConnectionRequestAndLikePost" time="42.224"/>
  <testcase classname="Test_Runner.Linkedin_Test_Run" name="LogOut" time="40.155"/>
</testsuite> <!-- Test -->
