<?xml version="1.0" encoding="UTF-8"?>
<!-- Generated by org.testng.reporters.JUnitReportReporter -->
<testsuite hostname="LAPTOP-CDU0EB2F" failures="0" tests="6" name="Test_Runner.Linkedin_Test_Run" time="175.589" errors="0" timestamp="2025-05-01T16:27:58 IST" skipped="0">
  <testcase classname="Test_Runner.Linkedin_Test_Run" name="LoginPage" time="22.660"/>
  <testcase classname="Test_Runner.Linkedin_Test_Run" name="SearchJob" time="24.789"/>
  <testcase classname="Test_Runner.Linkedin_Test_Run" name="SaveJob" time="15.540"/>
  <testcase classname="Test_Runner.Linkedin_Test_Run" name="SearchUser" time="30.221"/>
  <testcase classname="Test_Runner.Linkedin_Test_Run" name="SendConnectionRequestAndLikePost" time="42.224"/>
  <testcase classname="Test_Runner.Linkedin_Test_Run" name="LogOut" time="40.155"/>
</testsuite> <!-- Test_Runner.Linkedin_Test_Run -->
