<?xml version="1.0" encoding="UTF-8"?>
<!-- Generated by org.testng.reporters.JUnitXMLReporter -->
<testsuite ignored="0" hostname="LAPTOP-CDU0EB2F" failures="0" tests="6" name="Default test" time="205.996" errors="0" timestamp="2025-05-01T14:47:50 IST">
  <testcase classname="Test_Runner.Linkedin_Test_Run" name="LoginPage" time="25.821"/>
  <testcase classname="Test_Runner.Linkedin_Test_Run" name="SearchJob" time="22.957"/>
  <testcase classname="Test_Runner.Linkedin_Test_Run" name="SaveJob" time="19.802"/>
  <testcase classname="Test_Runner.Linkedin_Test_Run" name="SearchUser" time="31.375"/>
  <testcase classname="Test_Runner.Linkedin_Test_Run" name="SendConnectionRequestAndLikePost" time="63.731"/>
  <testcase classname="Test_Runner.Linkedin_Test_Run" name="LogOut" time="42.194"/>
</testsuite> <!-- Default test -->
